<?xml version="1.0" encoding="UTF-8"?>
<!-- Generated by org.testng.reporters.JUnitXMLReporter -->
<testsuite ignored="0" hostname="CUP-IOC-809" failures="0" tests="3" name="Default test" time="14208.033" errors="0" timestamp="2024-06-04T22:58:57 IST">
  <testcase classname="crossbrowser.CrossBrowserTest" name="cambridgeLogin" time="4.414"/>
  <testcase classname="crossbrowser.CrossBrowserTest" name="Material" time="95.004"/>
  <testcase classname="crossbrowser.CrossBrowserTest" name="ClickingonLessons" time="14106.393"/>
</testsuite> <!-- Default test -->
