<?xml version="1.0" encoding="UTF-8"?>
<testng-results ignored="0" total="3" passed="3" failed="0" skipped="0">
  <reporter-output>
  </reporter-output>
  <suite started-at="2024-06-04T19:02:09 IST" name="Default suite" finished-at="2024-06-04T22:58:57 IST" duration-ms="14208033">
    <groups>
    </groups>
    <test started-at="2024-06-04T19:02:09 IST" name="Default test" finished-at="2024-06-04T22:58:57 IST" duration-ms="14208033">
      <class name="crossbrowser.CommonUtils">
        <test-method is-config="true" signature="CrossBrowsers()[pri:0, instance:crossbrowser.CommonUtils@4550bb58]" started-at="2024-06-04T19:02:09 IST" name="CrossBrowsers" finished-at="2024-06-04T19:02:11 IST" duration-ms="2161" status="PASS">
          <reporter-output>
          </reporter-output>
        </test-method> <!-- CrossBrowsers -->
        <test-method signature="cambridgeLogin()[pri:1, instance:crossbrowser.CommonUtils@4550bb58]" started-at="2024-06-04T19:02:11 IST" name="cambridgeLogin" finished-at="2024-06-04T19:02:16 IST" duration-ms="4414" status="PASS">
          <reporter-output>
          </reporter-output>
        </test-method> <!-- cambridgeLogin -->
        <test-method signature="Material()[pri:2, instance:crossbrowser.CommonUtils@4550bb58]" started-at="2024-06-04T19:02:16 IST" name="Material" finished-at="2024-06-04T19:03:51 IST" duration-ms="95004" status="PASS">
          <reporter-output>
          </reporter-output>
        </test-method> <!-- Material -->
        <test-method signature="ClickingonLessons()[pri:3, instance:crossbrowser.CommonUtils@4550bb58]" started-at="2024-06-04T19:03:51 IST" name="ClickingonLessons" finished-at="2024-06-04T22:58:57 IST" duration-ms="14106393" status="PASS">
          <reporter-output>
          </reporter-output>
        </test-method> <!-- ClickingonLessons -->
      </class> <!-- crossbrowser.CommonUtils -->
    </test> <!-- Default test -->
  </suite> <!-- Default suite -->
</testng-results>
